Started GET "/" for ::1 at 2019-08-13 17:18:58 +0700
Processing by Rails::WelcomeController#index as HTML
  Rendering /home/camtasia/.rbenv/versions/2.5.3/lib/ruby/gems/2.5.0/gems/railties-5.2.3/lib/rails/templates/rails/welcome/index.html.erb
  Rendered /home/camtasia/.rbenv/versions/2.5.3/lib/ruby/gems/2.5.0/gems/railties-5.2.3/lib/rails/templates/rails/welcome/index.html.erb (25.5ms)
Completed 200 OK in 60ms (Views: 36.4ms | ActiveRecord: 0.0ms)


Started GET "/" for ::1 at 2019-08-13 17:18:58 +0700
Processing by Rails::WelcomeController#index as */*
  Rendering /home/camtasia/.rbenv/versions/2.5.3/lib/ruby/gems/2.5.0/gems/railties-5.2.3/lib/rails/templates/rails/welcome/index.html.erb
  Rendered /home/camtasia/.rbenv/versions/2.5.3/lib/ruby/gems/2.5.0/gems/railties-5.2.3/lib/rails/templates/rails/welcome/index.html.erb (2.1ms)
Completed 200 OK in 15ms (Views: 8.6ms | ActiveRecord: 0.0ms)


Started GET "/" for ::1 at 2019-08-13 17:19:02 +0700
Processing by Rails::WelcomeController#index as HTML
  Rendering /home/camtasia/.rbenv/versions/2.5.3/lib/ruby/gems/2.5.0/gems/railties-5.2.3/lib/rails/templates/rails/welcome/index.html.erb
  Rendered /home/camtasia/.rbenv/versions/2.5.3/lib/ruby/gems/2.5.0/gems/railties-5.2.3/lib/rails/templates/rails/welcome/index.html.erb (1.6ms)
Completed 200 OK in 4ms (Views: 2.5ms | ActiveRecord: 0.0ms)


Started GET "/" for ::1 at 2019-08-13 17:19:02 +0700
Processing by Rails::WelcomeController#index as */*
  Rendering /home/camtasia/.rbenv/versions/2.5.3/lib/ruby/gems/2.5.0/gems/railties-5.2.3/lib/rails/templates/rails/welcome/index.html.erb
  Rendered /home/camtasia/.rbenv/versions/2.5.3/lib/ruby/gems/2.5.0/gems/railties-5.2.3/lib/rails/templates/rails/welcome/index.html.erb (2.0ms)
Completed 200 OK in 13ms (Views: 8.1ms | ActiveRecord: 0.0ms)


Started GET "/" for ::1 at 2019-08-13 17:19:03 +0700
Processing by Rails::WelcomeController#index as HTML
  Rendering /home/camtasia/.rbenv/versions/2.5.3/lib/ruby/gems/2.5.0/gems/railties-5.2.3/lib/rails/templates/rails/welcome/index.html.erb
  Rendered /home/camtasia/.rbenv/versions/2.5.3/lib/ruby/gems/2.5.0/gems/railties-5.2.3/lib/rails/templates/rails/welcome/index.html.erb (2.1ms)
Completed 200 OK in 4ms (Views: 3.2ms | ActiveRecord: 0.0ms)


Started GET "/" for ::1 at 2019-08-13 17:19:04 +0700
Processing by Rails::WelcomeController#index as */*
  Rendering /home/camtasia/.rbenv/versions/2.5.3/lib/ruby/gems/2.5.0/gems/railties-5.2.3/lib/rails/templates/rails/welcome/index.html.erb
  Rendered /home/camtasia/.rbenv/versions/2.5.3/lib/ruby/gems/2.5.0/gems/railties-5.2.3/lib/rails/templates/rails/welcome/index.html.erb (2.0ms)
Completed 200 OK in 12ms (Views: 6.9ms | ActiveRecord: 0.0ms)


  [1m[35m (40.2ms)[0m  [1m[35mSET NAMES utf8,  @@SESSION.sql_mode = CONCAT(CONCAT(@@sql_mode, ',STRICT_ALL_TABLES'), ',NO_AUTO_VALUE_ON_ZERO'),  @@SESSION.sql_auto_is_null = 0, @@SESSION.wait_timeout = 2147483[0m
  ↳ /home/camtasia/.rbenv/versions/2.5.3/bin/rake:23
  [1m[35m (0.4ms)[0m  [1m[35mCREATE DATABASE `ronaldo_development` DEFAULT CHARACTER SET `utf8`[0m
  ↳ /home/camtasia/.rbenv/versions/2.5.3/bin/rake:23
  [1m[35m (0.2ms)[0m  [1m[35mSET NAMES utf8,  @@SESSION.sql_mode = CONCAT(CONCAT(@@sql_mode, ',STRICT_ALL_TABLES'), ',NO_AUTO_VALUE_ON_ZERO'),  @@SESSION.sql_auto_is_null = 0, @@SESSION.wait_timeout = 2147483[0m
  ↳ /home/camtasia/.rbenv/versions/2.5.3/bin/rake:23
  [1m[35m (0.3ms)[0m  [1m[35mCREATE DATABASE `ronaldo_test` DEFAULT CHARACTER SET `utf8`[0m
  ↳ /home/camtasia/.rbenv/versions/2.5.3/bin/rake:23
  [1m[35m (0.2ms)[0m  [1m[35mSET NAMES utf8,  @@SESSION.sql_mode = CONCAT(CONCAT(@@sql_mode, ',STRICT_ALL_TABLES'), ',NO_AUTO_VALUE_ON_ZERO'),  @@SESSION.sql_auto_is_null = 0, @@SESSION.wait_timeout = 2147483[0m
  ↳ /home/camtasia/.rbenv/versions/2.5.3/bin/rake:23
  [1m[35m (0.2ms)[0m  [1m[34mSELECT GET_LOCK('2089830877367640015', 0)[0m
  ↳ /home/camtasia/.rbenv/versions/2.5.3/bin/rake:23
  [1m[35m (0.2ms)[0m  [1m[34mSELECT `schema_migrations`.`version` FROM `schema_migrations` ORDER BY `schema_migrations`.`version` ASC[0m
  ↳ /home/camtasia/.rbenv/versions/2.5.3/bin/rake:23
  [1m[36mActiveRecord::InternalMetadata Load (0.2ms)[0m  [1m[34mSELECT  `ar_internal_metadata`.* FROM `ar_internal_metadata` WHERE `ar_internal_metadata`.`key` = 'environment' LIMIT 1[0m
  ↳ /home/camtasia/.rbenv/versions/2.5.3/bin/rake:23
  [1m[35m (0.1ms)[0m  [1m[35mBEGIN[0m
  ↳ /home/camtasia/.rbenv/versions/2.5.3/bin/rake:23
  [1m[35m (0.1ms)[0m  [1m[35mCOMMIT[0m
  ↳ /home/camtasia/.rbenv/versions/2.5.3/bin/rake:23
  [1m[35m (0.1ms)[0m  [1m[34mSELECT RELEASE_LOCK('2089830877367640015')[0m
  ↳ /home/camtasia/.rbenv/versions/2.5.3/bin/rake:23
  [1m[35m (0.1ms)[0m  [1m[34mSELECT `schema_migrations`.`version` FROM `schema_migrations` ORDER BY `schema_migrations`.`version` ASC[0m
  ↳ /home/camtasia/.rbenv/versions/2.5.3/bin/rake:23
Started GET "/" for ::1 at 2019-08-13 17:26:55 +0700
  [1m[35m (0.2ms)[0m  [1m[35mSET NAMES utf8,  @@SESSION.sql_mode = CONCAT(CONCAT(@@sql_mode, ',STRICT_ALL_TABLES'), ',NO_AUTO_VALUE_ON_ZERO'),  @@SESSION.sql_auto_is_null = 0, @@SESSION.wait_timeout = 2147483[0m
  ↳ /home/camtasia/.rbenv/versions/2.5.3/lib/ruby/gems/2.5.0/gems/activerecord-5.2.3/lib/active_record/log_subscriber.rb:98
Processing by Rails::WelcomeController#index as HTML
  Rendering /home/camtasia/.rbenv/versions/2.5.3/lib/ruby/gems/2.5.0/gems/railties-5.2.3/lib/rails/templates/rails/welcome/index.html.erb
  Rendered /home/camtasia/.rbenv/versions/2.5.3/lib/ruby/gems/2.5.0/gems/railties-5.2.3/lib/rails/templates/rails/welcome/index.html.erb (1.7ms)
Completed 200 OK in 9ms (Views: 3.7ms | ActiveRecord: 0.0ms)


Started GET "/" for ::1 at 2019-08-13 17:26:56 +0700
Processing by Rails::WelcomeController#index as */*
  Rendering /home/camtasia/.rbenv/versions/2.5.3/lib/ruby/gems/2.5.0/gems/railties-5.2.3/lib/rails/templates/rails/welcome/index.html.erb
  Rendered /home/camtasia/.rbenv/versions/2.5.3/lib/ruby/gems/2.5.0/gems/railties-5.2.3/lib/rails/templates/rails/welcome/index.html.erb (2.1ms)
Completed 200 OK in 11ms (Views: 6.4ms | ActiveRecord: 0.0ms)


Started GET "/" for ::1 at 2019-08-13 17:26:57 +0700
Processing by Rails::WelcomeController#index as HTML
  Rendering /home/camtasia/.rbenv/versions/2.5.3/lib/ruby/gems/2.5.0/gems/railties-5.2.3/lib/rails/templates/rails/welcome/index.html.erb
  Rendered /home/camtasia/.rbenv/versions/2.5.3/lib/ruby/gems/2.5.0/gems/railties-5.2.3/lib/rails/templates/rails/welcome/index.html.erb (1.8ms)
Completed 200 OK in 4ms (Views: 2.6ms | ActiveRecord: 0.0ms)


Started GET "/" for ::1 at 2019-08-13 17:26:57 +0700
Processing by Rails::WelcomeController#index as */*
  Rendering /home/camtasia/.rbenv/versions/2.5.3/lib/ruby/gems/2.5.0/gems/railties-5.2.3/lib/rails/templates/rails/welcome/index.html.erb
  Rendered /home/camtasia/.rbenv/versions/2.5.3/lib/ruby/gems/2.5.0/gems/railties-5.2.3/lib/rails/templates/rails/welcome/index.html.erb (1.9ms)
Completed 200 OK in 13ms (Views: 7.6ms | ActiveRecord: 0.0ms)


Started GET "/" for ::1 at 2019-08-13 17:27:54 +0700
  
ActionController::RoutingError (uninitialized constant AllicationController):
  
app/controllers/home_controller.rb:1:in `<top (required)>'
Started GET "/" for ::1 at 2019-08-13 17:27:54 +0700
  
ActionController::RoutingError (uninitialized constant AllicationController):
  
app/controllers/home_controller.rb:1:in `<top (required)>'
Started GET "/" for ::1 at 2019-08-13 17:28:04 +0700
  [1m[35m (0.3ms)[0m  [1m[35mSET NAMES utf8,  @@SESSION.sql_mode = CONCAT(CONCAT(@@sql_mode, ',STRICT_ALL_TABLES'), ',NO_AUTO_VALUE_ON_ZERO'),  @@SESSION.sql_auto_is_null = 0, @@SESSION.wait_timeout = 2147483[0m
  ↳ /home/camtasia/.rbenv/versions/2.5.3/lib/ruby/gems/2.5.0/gems/activerecord-5.2.3/lib/active_record/log_subscriber.rb:98
  
ActionController::RoutingError (uninitialized constant AllicationController):
  
app/controllers/home_controller.rb:1:in `<top (required)>'
Started GET "/" for ::1 at 2019-08-13 17:28:04 +0700
  
ActionController::RoutingError (uninitialized constant AllicationController):
  
app/controllers/home_controller.rb:1:in `<top (required)>'
Started GET "/" for ::1 at 2019-08-13 17:28:48 +0700
Processing by HomeController#index as HTML
  Rendering home/index.html.erb within layouts/application
  Rendered home/index.html.erb within layouts/application (0.4ms)
Completed 200 OK in 237ms (Views: 235.0ms | ActiveRecord: 0.0ms)


Started GET "/" for ::1 at 2019-08-13 17:28:48 +0700
Processing by HomeController#index as */*
  Rendering home/index.html.erb within layouts/application
  Rendered home/index.html.erb within layouts/application (0.4ms)
Completed 200 OK in 26ms (Views: 20.8ms | ActiveRecord: 0.0ms)


Started GET "/" for ::1 at 2019-08-13 17:29:01 +0700
Processing by HomeController#index as HTML
  Rendering home/index.html.erb within layouts/application
  Rendered home/index.html.erb within layouts/application (0.3ms)
Completed 200 OK in 10ms (Views: 9.1ms | ActiveRecord: 0.0ms)


Started GET "/" for ::1 at 2019-08-13 17:29:02 +0700
Processing by HomeController#index as */*
  Rendering home/index.html.erb within layouts/application
  Rendered home/index.html.erb within layouts/application (0.4ms)
Completed 200 OK in 21ms (Views: 17.6ms | ActiveRecord: 0.0ms)


Started GET "/" for ::1 at 2019-08-13 17:40:24 +0700
  [1m[35m (0.7ms)[0m  [1m[35mSET NAMES utf8,  @@SESSION.sql_mode = CONCAT(CONCAT(@@sql_mode, ',STRICT_ALL_TABLES'), ',NO_AUTO_VALUE_ON_ZERO'),  @@SESSION.sql_auto_is_null = 0, @@SESSION.wait_timeout = 2147483[0m
  ↳ /home/camtasia/.rbenv/versions/2.5.3/lib/ruby/gems/2.5.0/gems/activerecord-5.2.3/lib/active_record/log_subscriber.rb:98
Processing by HomeController#index as HTML
  Rendering home/index.html.erb within layouts/application
  Rendered home/index.html.erb within layouts/application (0.7ms)
Completed 200 OK in 775ms (Views: 768.4ms | ActiveRecord: 0.0ms)


Started GET "/" for ::1 at 2019-08-13 17:40:26 +0700
Processing by HomeController#index as */*
  Rendering home/index.html.erb within layouts/application
  Rendered home/index.html.erb within layouts/application (0.4ms)
Completed 200 OK in 28ms (Views: 23.6ms | ActiveRecord: 0.0ms)


Started GET "/" for ::1 at 2019-08-13 17:40:54 +0700
Processing by HomeController#index as HTML
  Rendering home/index.html.erb within layouts/application
  Rendered home/index.html.erb within layouts/application (0.6ms)
Completed 200 OK in 25ms (Views: 22.5ms | ActiveRecord: 0.0ms)


Started GET "/" for ::1 at 2019-08-13 17:40:55 +0700
Processing by HomeController#index as */*
  Rendering home/index.html.erb within layouts/application
  Rendered home/index.html.erb within layouts/application (0.3ms)
Completed 200 OK in 26ms (Views: 21.5ms | ActiveRecord: 0.0ms)


Started GET "/" for ::1 at 2019-08-13 17:45:12 +0700
Processing by HomeController#index as HTML
  Rendering home/index.html.erb within layouts/application
  Rendered home/index.html.erb within layouts/application (0.2ms)
Completed 200 OK in 11ms (Views: 10.1ms | ActiveRecord: 0.0ms)


Started GET "/" for ::1 at 2019-08-13 17:45:13 +0700
Processing by HomeController#index as */*
  Rendering home/index.html.erb within layouts/application
  Rendered home/index.html.erb within layouts/application (0.3ms)
Completed 200 OK in 17ms (Views: 13.6ms | ActiveRecord: 0.0ms)


Started GET "/" for ::1 at 2019-08-13 17:46:35 +0700
Processing by HomeController#index as HTML
  Rendering home/index.html.erb within layouts/application
  Rendered home/index.html.erb within layouts/application (0.5ms)
Completed 200 OK in 12ms (Views: 11.5ms | ActiveRecord: 0.0ms)


Started GET "/" for ::1 at 2019-08-13 17:46:36 +0700
Processing by HomeController#index as */*
  Rendering home/index.html.erb within layouts/application
  Rendered home/index.html.erb within layouts/application (0.6ms)
Completed 200 OK in 30ms (Views: 25.1ms | ActiveRecord: 0.0ms)


Started GET "/" for ::1 at 2019-08-13 17:48:17 +0700
  [1m[35m (0.2ms)[0m  [1m[35mSET NAMES utf8,  @@SESSION.sql_mode = CONCAT(CONCAT(@@sql_mode, ',STRICT_ALL_TABLES'), ',NO_AUTO_VALUE_ON_ZERO'),  @@SESSION.sql_auto_is_null = 0, @@SESSION.wait_timeout = 2147483[0m
  ↳ /home/camtasia/.rbenv/versions/2.5.3/lib/ruby/gems/2.5.0/gems/activerecord-5.2.3/lib/active_record/log_subscriber.rb:98
Processing by HomeController#index as HTML
  Rendering home/index.html.erb within layouts/application
  Rendered home/index.html.erb within layouts/application (0.6ms)
Completed 200 OK in 693ms (Views: 687.6ms | ActiveRecord: 0.0ms)


Started GET "/" for ::1 at 2019-08-13 17:48:18 +0700
Processing by HomeController#index as */*
  Rendering home/index.html.erb within layouts/application
  Rendered home/index.html.erb within layouts/application (0.4ms)
Completed 200 OK in 17ms (Views: 13.5ms | ActiveRecord: 0.0ms)


Started GET "/" for ::1 at 2019-08-13 17:48:58 +0700
Processing by HomeController#index as HTML
  Rendering home/index.html.erb within layouts/application
  Rendered home/index.html.erb within layouts/application (0.4ms)
Completed 200 OK in 14ms (Views: 12.7ms | ActiveRecord: 0.0ms)


Started GET "/" for ::1 at 2019-08-13 17:48:59 +0700
Processing by HomeController#index as */*
  Rendering home/index.html.erb within layouts/application
  Rendered home/index.html.erb within layouts/application (0.5ms)
Completed 200 OK in 22ms (Views: 17.5ms | ActiveRecord: 0.0ms)


Started GET "/" for ::1 at 2019-08-13 17:50:36 +0700
Processing by HomeController#index as HTML
  Rendering home/index.html.erb within layouts/application
  Rendered home/index.html.erb within layouts/application (0.4ms)
Completed 200 OK in 11ms (Views: 10.1ms | ActiveRecord: 0.0ms)


Started GET "/" for ::1 at 2019-08-13 17:50:36 +0700
Processing by HomeController#index as */*
  Rendering home/index.html.erb within layouts/application
  Rendered home/index.html.erb within layouts/application (0.6ms)
Completed 200 OK in 32ms (Views: 26.8ms | ActiveRecord: 0.0ms)


Started GET "/" for ::1 at 2019-08-13 17:51:11 +0700
Processing by HomeController#index as HTML
  Rendering home/index.html.erb within layouts/application
  Rendered home/index.html.erb within layouts/application (0.4ms)
Completed 200 OK in 13ms (Views: 11.9ms | ActiveRecord: 0.0ms)


Started GET "/" for ::1 at 2019-08-13 17:51:12 +0700
Processing by HomeController#index as */*
  Rendering home/index.html.erb within layouts/application
  Rendered home/index.html.erb within layouts/application (0.5ms)
Completed 200 OK in 48ms (Views: 43.8ms | ActiveRecord: 0.0ms)


Started GET "/" for ::1 at 2019-08-13 17:51:31 +0700
Processing by HomeController#index as HTML
  Rendering home/index.html.erb within layouts/application
  Rendered home/index.html.erb within layouts/application (0.5ms)
Completed 200 OK in 14ms (Views: 12.8ms | ActiveRecord: 0.0ms)


Started GET "/" for ::1 at 2019-08-13 17:51:32 +0700
Processing by HomeController#index as */*
  Rendering home/index.html.erb within layouts/application
  Rendered home/index.html.erb within layouts/application (0.4ms)
Completed 200 OK in 20ms (Views: 16.9ms | ActiveRecord: 0.0ms)


Started GET "/" for ::1 at 2019-08-13 17:51:40 +0700
Processing by HomeController#index as HTML
  Rendering home/index.html.erb within layouts/application
  Rendered home/index.html.erb within layouts/application (0.4ms)
Completed 200 OK in 12ms (Views: 11.1ms | ActiveRecord: 0.0ms)


Started GET "/" for ::1 at 2019-08-13 17:51:41 +0700
Processing by HomeController#index as */*
  Rendering home/index.html.erb within layouts/application
  Rendered home/index.html.erb within layouts/application (0.6ms)
Completed 200 OK in 23ms (Views: 18.8ms | ActiveRecord: 0.0ms)


Started GET "/" for ::1 at 2019-08-13 17:55:37 +0700
Processing by HomeController#index as HTML
  Rendering home/index.html.erb within layouts/application
  Rendered home/index.html.erb within layouts/application (0.5ms)
Completed 200 OK in 12ms (Views: 10.8ms | ActiveRecord: 0.0ms)


Started GET "/" for ::1 at 2019-08-13 17:55:38 +0700
Processing by HomeController#index as */*
  Rendering home/index.html.erb within layouts/application
  Rendered home/index.html.erb within layouts/application (0.6ms)
Completed 200 OK in 28ms (Views: 23.4ms | ActiveRecord: 0.0ms)


Started GET "/" for ::1 at 2019-08-13 17:55:55 +0700
Processing by HomeController#index as HTML
  Rendering home/index.html.erb within layouts/application
  Rendered home/index.html.erb within layouts/application (0.4ms)
Completed 200 OK in 12ms (Views: 10.9ms | ActiveRecord: 0.0ms)


Started GET "/" for ::1 at 2019-08-13 17:55:56 +0700
Processing by HomeController#index as */*
  Rendering home/index.html.erb within layouts/application
  Rendered home/index.html.erb within layouts/application (0.5ms)
Completed 200 OK in 25ms (Views: 21.5ms | ActiveRecord: 0.0ms)


Started GET "/" for ::1 at 2019-08-13 17:55:58 +0700
Processing by HomeController#index as HTML
  Rendering home/index.html.erb within layouts/application
  Rendered home/index.html.erb within layouts/application (0.3ms)
Completed 200 OK in 12ms (Views: 11.6ms | ActiveRecord: 0.0ms)


Started GET "/" for ::1 at 2019-08-13 17:55:59 +0700
Processing by HomeController#index as */*
  Rendering home/index.html.erb within layouts/application
  Rendered home/index.html.erb within layouts/application (0.6ms)
Completed 200 OK in 26ms (Views: 21.9ms | ActiveRecord: 0.0ms)


Started GET "/" for ::1 at 2019-08-13 17:59:08 +0700
Processing by HomeController#index as HTML
  Rendering home/index.html.erb within layouts/application
  Rendered home/index.html.erb within layouts/application (0.4ms)
Completed 200 OK in 13ms (Views: 12.4ms | ActiveRecord: 0.0ms)


Started GET "/" for ::1 at 2019-08-13 17:59:09 +0700
Processing by HomeController#index as */*
  Rendering home/index.html.erb within layouts/application
  Rendered home/index.html.erb within layouts/application (0.5ms)
Completed 200 OK in 29ms (Views: 23.8ms | ActiveRecord: 0.0ms)


Started GET "/" for ::1 at 2019-08-13 18:03:45 +0700
Processing by HomeController#index as HTML
  Rendering home/index.html.erb within layouts/application
  Rendered home/index.html.erb within layouts/application (0.4ms)
Completed 200 OK in 19ms (Views: 18.0ms | ActiveRecord: 0.0ms)


Started GET "/" for ::1 at 2019-08-13 18:03:47 +0700
Processing by HomeController#index as */*
  Rendering home/index.html.erb within layouts/application
  Rendered home/index.html.erb within layouts/application (0.5ms)
Completed 200 OK in 23ms (Views: 19.0ms | ActiveRecord: 0.0ms)


Started GET "/" for ::1 at 2019-08-13 18:03:58 +0700
Processing by HomeController#index as HTML
  Rendering home/index.html.erb within layouts/application
  Rendered home/index.html.erb within layouts/application (0.5ms)
Completed 200 OK in 14ms (Views: 12.9ms | ActiveRecord: 0.0ms)


Started GET "/" for ::1 at 2019-08-13 18:03:59 +0700
Processing by HomeController#index as */*
  Rendering home/index.html.erb within layouts/application
  Rendered home/index.html.erb within layouts/application (1.6ms)
Completed 200 OK in 35ms (Views: 30.6ms | ActiveRecord: 0.0ms)


Started GET "/" for ::1 at 2019-08-13 18:04:04 +0700
Processing by HomeController#index as HTML
  Rendering home/index.html.erb within layouts/application
  Rendered home/index.html.erb within layouts/application (0.6ms)
Completed 200 OK in 13ms (Views: 11.6ms | ActiveRecord: 0.0ms)


Started GET "/" for ::1 at 2019-08-13 18:04:05 +0700
Processing by HomeController#index as */*
  Rendering home/index.html.erb within layouts/application
  Rendered home/index.html.erb within layouts/application (0.7ms)
Completed 200 OK in 33ms (Views: 27.9ms | ActiveRecord: 0.0ms)


Started GET "/" for ::1 at 2019-08-13 18:04:47 +0700
Processing by HomeController#index as HTML
  Rendering home/index.html.erb within layouts/application
  Rendered home/index.html.erb within layouts/application (0.6ms)
Completed 200 OK in 19ms (Views: 18.4ms | ActiveRecord: 0.0ms)


Started GET "/" for ::1 at 2019-08-13 18:04:49 +0700
Processing by HomeController#index as */*
  Rendering home/index.html.erb within layouts/application
  Rendered home/index.html.erb within layouts/application (0.8ms)
Completed 200 OK in 33ms (Views: 29.5ms | ActiveRecord: 0.0ms)


Started GET "/" for ::1 at 2019-08-13 18:13:17 +0700
  [1m[35m (0.2ms)[0m  [1m[35mSET NAMES utf8,  @@SESSION.sql_mode = CONCAT(CONCAT(@@sql_mode, ',STRICT_ALL_TABLES'), ',NO_AUTO_VALUE_ON_ZERO'),  @@SESSION.sql_auto_is_null = 0, @@SESSION.wait_timeout = 2147483[0m
  ↳ /home/camtasia/.rbenv/versions/2.5.3/lib/ruby/gems/2.5.0/gems/activerecord-5.2.3/lib/active_record/log_subscriber.rb:98
Processing by HomeController#index as HTML
  Rendering home/index.html.erb within layouts/application
  Rendered home/index.html.erb within layouts/application (0.7ms)
Completed 200 OK in 699ms (Views: 693.4ms | ActiveRecord: 0.0ms)


Started GET "/" for ::1 at 2019-08-13 18:13:18 +0700
Processing by HomeController#index as */*
  Rendering home/index.html.erb within layouts/application
  Rendered home/index.html.erb within layouts/application (0.6ms)
Completed 200 OK in 28ms (Views: 23.8ms | ActiveRecord: 0.0ms)


Started GET "/" for ::1 at 2019-08-13 18:13:49 +0700
Processing by HomeController#index as HTML
  Rendering home/index.html.erb within layouts/application
  Rendered home/index.html.erb within layouts/application (0.5ms)
Completed 200 OK in 11ms (Views: 10.2ms | ActiveRecord: 0.0ms)


Started GET "/" for ::1 at 2019-08-13 18:13:49 +0700
Processing by HomeController#index as */*
  Rendering home/index.html.erb within layouts/application
  Rendered home/index.html.erb within layouts/application (0.6ms)
Completed 200 OK in 24ms (Views: 19.3ms | ActiveRecord: 0.0ms)


Started GET "/" for ::1 at 2019-08-13 18:14:16 +0700
Processing by HomeController#index as HTML
  Rendering home/index.html.erb within layouts/application
  Rendered home/index.html.erb within layouts/application (0.5ms)
Completed 200 OK in 16ms (Views: 14.5ms | ActiveRecord: 0.0ms)


Started GET "/" for ::1 at 2019-08-13 18:14:17 +0700
Processing by HomeController#index as */*
  Rendering home/index.html.erb within layouts/application
  Rendered home/index.html.erb within layouts/application (0.5ms)
Completed 200 OK in 44ms (Views: 39.1ms | ActiveRecord: 0.0ms)


Started GET "/" for ::1 at 2019-08-13 18:16:42 +0700
Processing by HomeController#index as HTML
  Rendering home/index.html.erb within layouts/application
  Rendered home/index.html.erb within layouts/application (0.5ms)
Completed 200 OK in 13ms (Views: 12.1ms | ActiveRecord: 0.0ms)


Started GET "/" for ::1 at 2019-08-13 18:16:44 +0700
Processing by HomeController#index as */*
  Rendering home/index.html.erb within layouts/application
  Rendered home/index.html.erb within layouts/application (0.6ms)
Completed 200 OK in 21ms (Views: 16.4ms | ActiveRecord: 0.0ms)


Started GET "/" for ::1 at 2019-08-13 18:16:58 +0700
  [1m[35m (0.3ms)[0m  [1m[35mSET NAMES utf8,  @@SESSION.sql_mode = CONCAT(CONCAT(@@sql_mode, ',STRICT_ALL_TABLES'), ',NO_AUTO_VALUE_ON_ZERO'),  @@SESSION.sql_auto_is_null = 0, @@SESSION.wait_timeout = 2147483[0m
  ↳ /home/camtasia/.rbenv/versions/2.5.3/lib/ruby/gems/2.5.0/gems/activerecord-5.2.3/lib/active_record/log_subscriber.rb:98
Processing by HomeController#index as HTML
  Rendering home/index.html.erb within layouts/application
  Rendered home/index.html.erb within layouts/application (0.7ms)
Completed 200 OK in 732ms (Views: 726.5ms | ActiveRecord: 0.0ms)


Started GET "/" for ::1 at 2019-08-13 18:16:59 +0700
Processing by HomeController#index as */*
  Rendering home/index.html.erb within layouts/application
  Rendered home/index.html.erb within layouts/application (0.6ms)
Completed 200 OK in 27ms (Views: 22.4ms | ActiveRecord: 0.0ms)


Started GET "/" for ::1 at 2019-08-13 18:20:21 +0700
Processing by HomeController#index as HTML
  Rendering home/index.html.erb within layouts/application
  Rendered home/index.html.erb within layouts/application (0.3ms)
Completed 200 OK in 14ms (Views: 12.8ms | ActiveRecord: 0.0ms)


Started GET "/" for ::1 at 2019-08-13 18:20:22 +0700
Processing by HomeController#index as */*
  Rendering home/index.html.erb within layouts/application
  Rendered home/index.html.erb within layouts/application (0.5ms)
Completed 200 OK in 23ms (Views: 19.0ms | ActiveRecord: 0.0ms)


Started GET "/" for ::1 at 2019-08-13 18:20:43 +0700
Processing by HomeController#index as HTML
  Rendering home/index.html.erb within layouts/application
  Rendered home/index.html.erb within layouts/application (0.4ms)
Completed 200 OK in 13ms (Views: 12.4ms | ActiveRecord: 0.0ms)


Started GET "/" for ::1 at 2019-08-13 18:20:44 +0700
Processing by HomeController#index as */*
  Rendering home/index.html.erb within layouts/application
  Rendered home/index.html.erb within layouts/application (0.6ms)
Completed 200 OK in 33ms (Views: 28.2ms | ActiveRecord: 0.0ms)


Started GET "/" for ::1 at 2019-08-13 18:21:05 +0700
Processing by HomeController#index as HTML
  Rendering home/index.html.erb within layouts/application
  Rendered home/index.html.erb within layouts/application (0.6ms)
Completed 500 Internal Server Error in 3ms (ActiveRecord: 0.0ms)


  
SyntaxError (/home/camtasia/Development/Ln/ronaldo/app/views/home/index.html.erb:3: syntax error, unexpected ',', expecting ')'
...act_component("AppRouterComp"), aboutUrl: about_path );
...                              ^):
  
app/views/home/index.html.erb:3: syntax error, unexpected ',', expecting ')'
Started GET "/" for ::1 at 2019-08-13 18:21:06 +0700
Processing by HomeController#index as */*
  Rendering home/index.html.erb within layouts/application
  Rendered home/index.html.erb within layouts/application (0.6ms)
Completed 500 Internal Server Error in 8ms (ActiveRecord: 0.0ms)


  
SyntaxError (/home/camtasia/Development/Ln/ronaldo/app/views/home/index.html.erb:3: syntax error, unexpected ',', expecting ')'
...act_component("AppRouterComp"), aboutUrl: about_path );
...                              ^):
  
app/views/home/index.html.erb:3: syntax error, unexpected ',', expecting ')'
Started GET "/" for ::1 at 2019-08-13 18:22:24 +0700
Processing by HomeController#index as HTML
  Rendering home/index.html.erb within layouts/application
  Rendered home/index.html.erb within layouts/application (0.4ms)
Completed 500 Internal Server Error in 2ms (ActiveRecord: 0.0ms)


  
SyntaxError (/home/camtasia/Development/Ln/ronaldo/app/views/home/index.html.erb:3: syntax error, unexpected ',', expecting ')'
...act_component("AppRouterComp"), aboutUrl: about_path );
...                              ^):
  
app/views/home/index.html.erb:3: syntax error, unexpected ',', expecting ')'
Started GET "/" for ::1 at 2019-08-13 18:22:25 +0700
Processing by HomeController#index as */*
  Rendering home/index.html.erb within layouts/application
  Rendered home/index.html.erb within layouts/application (0.8ms)
Completed 500 Internal Server Error in 8ms (ActiveRecord: 0.0ms)


  
SyntaxError (/home/camtasia/Development/Ln/ronaldo/app/views/home/index.html.erb:3: syntax error, unexpected ',', expecting ')'
...act_component("AppRouterComp"), aboutUrl: about_path );
...                              ^):
  
app/views/home/index.html.erb:3: syntax error, unexpected ',', expecting ')'
Started GET "/" for ::1 at 2019-08-13 18:23:20 +0700
Processing by HomeController#index as HTML
  Rendering home/index.html.erb within layouts/application
  Rendered home/index.html.erb within layouts/application (0.4ms)
Completed 500 Internal Server Error in 2ms (ActiveRecord: 0.0ms)


  
SyntaxError (/home/camtasia/Development/Ln/ronaldo/app/views/home/index.html.erb:3: syntax error, unexpected ',', expecting ')'
...act_component("AppRouterComp"), { aboutUrl: about_path } );
...                              ^):
  
app/views/home/index.html.erb:3: syntax error, unexpected ',', expecting ')'
Started GET "/" for ::1 at 2019-08-13 18:23:21 +0700
Processing by HomeController#index as */*
  Rendering home/index.html.erb within layouts/application
  Rendered home/index.html.erb within layouts/application (0.7ms)
Completed 500 Internal Server Error in 8ms (ActiveRecord: 0.0ms)


  
SyntaxError (/home/camtasia/Development/Ln/ronaldo/app/views/home/index.html.erb:3: syntax error, unexpected ',', expecting ')'
...act_component("AppRouterComp"), { aboutUrl: about_path } );
...                              ^):
  
app/views/home/index.html.erb:3: syntax error, unexpected ',', expecting ')'
Started GET "/" for ::1 at 2019-08-13 18:23:35 +0700
Processing by HomeController#index as HTML
  Rendering home/index.html.erb within layouts/application
  Rendered home/index.html.erb within layouts/application (0.3ms)
Completed 200 OK in 11ms (Views: 10.3ms | ActiveRecord: 0.0ms)


Started GET "/" for ::1 at 2019-08-13 18:23:36 +0700
Processing by HomeController#index as */*
  Rendering home/index.html.erb within layouts/application
  Rendered home/index.html.erb within layouts/application (0.5ms)
Completed 200 OK in 27ms (Views: 22.6ms | ActiveRecord: 0.0ms)


Started GET "/" for ::1 at 2019-08-13 18:23:39 +0700
Processing by HomeController#index as HTML
  Rendering home/index.html.erb within layouts/application
  Rendered home/index.html.erb within layouts/application (0.4ms)
Completed 200 OK in 15ms (Views: 14.3ms | ActiveRecord: 0.0ms)


Started GET "/" for ::1 at 2019-08-13 18:23:40 +0700
Processing by HomeController#index as */*
  Rendering home/index.html.erb within layouts/application
  Rendered home/index.html.erb within layouts/application (0.6ms)
Completed 200 OK in 35ms (Views: 30.0ms | ActiveRecord: 0.0ms)


Started GET "/" for ::1 at 2019-08-16 17:42:23 +0700
  
ActiveRecord::NoDatabaseError (Unknown database 'ronaldo_development'):
  
activerecord (5.2.3) lib/active_record/connection_adapters/mysql2_adapter.rb:26:in `rescue in mysql2_connection'
activerecord (5.2.3) lib/active_record/connection_adapters/mysql2_adapter.rb:12:in `mysql2_connection'
activerecord (5.2.3) lib/active_record/connection_adapters/abstract/connection_pool.rb:811:in `new_connection'
activerecord (5.2.3) lib/active_record/connection_adapters/abstract/connection_pool.rb:855:in `checkout_new_connection'
activerecord (5.2.3) lib/active_record/connection_adapters/abstract/connection_pool.rb:834:in `try_to_checkout_new_connection'
activerecord (5.2.3) lib/active_record/connection_adapters/abstract/connection_pool.rb:795:in `acquire_connection'
activerecord (5.2.3) lib/active_record/connection_adapters/abstract/connection_pool.rb:523:in `checkout'
activerecord (5.2.3) lib/active_record/connection_adapters/abstract/connection_pool.rb:382:in `connection'
activerecord (5.2.3) lib/active_record/connection_adapters/abstract/connection_pool.rb:1014:in `retrieve_connection'
activerecord (5.2.3) lib/active_record/connection_handling.rb:118:in `retrieve_connection'
activerecord (5.2.3) lib/active_record/connection_handling.rb:90:in `connection'
activerecord (5.2.3) lib/active_record/migration.rb:554:in `call'
actionpack (5.2.3) lib/action_dispatch/middleware/callbacks.rb:28:in `block in call'
activesupport (5.2.3) lib/active_support/callbacks.rb:98:in `run_callbacks'
actionpack (5.2.3) lib/action_dispatch/middleware/callbacks.rb:26:in `call'
actionpack (5.2.3) lib/action_dispatch/middleware/executor.rb:14:in `call'
actionpack (5.2.3) lib/action_dispatch/middleware/debug_exceptions.rb:61:in `call'
web-console (3.7.0) lib/web_console/middleware.rb:135:in `call_app'
web-console (3.7.0) lib/web_console/middleware.rb:30:in `block in call'
web-console (3.7.0) lib/web_console/middleware.rb:20:in `catch'
web-console (3.7.0) lib/web_console/middleware.rb:20:in `call'
actionpack (5.2.3) lib/action_dispatch/middleware/show_exceptions.rb:33:in `call'
railties (5.2.3) lib/rails/rack/logger.rb:38:in `call_app'
railties (5.2.3) lib/rails/rack/logger.rb:26:in `block in call'
activesupport (5.2.3) lib/active_support/tagged_logging.rb:71:in `block in tagged'
activesupport (5.2.3) lib/active_support/tagged_logging.rb:28:in `tagged'
activesupport (5.2.3) lib/active_support/tagged_logging.rb:71:in `tagged'
railties (5.2.3) lib/rails/rack/logger.rb:26:in `call'
sprockets-rails (3.2.1) lib/sprockets/rails/quiet_assets.rb:13:in `call'
actionpack (5.2.3) lib/action_dispatch/middleware/remote_ip.rb:81:in `call'
actionpack (5.2.3) lib/action_dispatch/middleware/request_id.rb:27:in `call'
rack (2.0.7) lib/rack/method_override.rb:22:in `call'
rack (2.0.7) lib/rack/runtime.rb:22:in `call'
activesupport (5.2.3) lib/active_support/cache/strategy/local_cache_middleware.rb:29:in `call'
actionpack (5.2.3) lib/action_dispatch/middleware/executor.rb:14:in `call'
actionpack (5.2.3) lib/action_dispatch/middleware/static.rb:127:in `call'
rack (2.0.7) lib/rack/sendfile.rb:111:in `call'
webpacker (4.0.7) lib/webpacker/dev_server_proxy.rb:29:in `perform_request'
rack-proxy (0.6.5) lib/rack/proxy.rb:57:in `call'
railties (5.2.3) lib/rails/engine.rb:524:in `call'
puma (3.12.1) lib/puma/configuration.rb:227:in `call'
puma (3.12.1) lib/puma/server.rb:660:in `handle_request'
puma (3.12.1) lib/puma/server.rb:474:in `process_client'
puma (3.12.1) lib/puma/server.rb:334:in `block in run'
puma (3.12.1) lib/puma/thread_pool.rb:135:in `block in spawn_thread'
Started GET "/" for ::1 at 2019-08-16 17:42:24 +0700
  
ActiveRecord::NoDatabaseError (Unknown database 'ronaldo_development'):
  
activerecord (5.2.3) lib/active_record/connection_adapters/mysql2_adapter.rb:26:in `rescue in mysql2_connection'
activerecord (5.2.3) lib/active_record/connection_adapters/mysql2_adapter.rb:12:in `mysql2_connection'
activerecord (5.2.3) lib/active_record/connection_adapters/abstract/connection_pool.rb:811:in `new_connection'
activerecord (5.2.3) lib/active_record/connection_adapters/abstract/connection_pool.rb:855:in `checkout_new_connection'
activerecord (5.2.3) lib/active_record/connection_adapters/abstract/connection_pool.rb:834:in `try_to_checkout_new_connection'
activerecord (5.2.3) lib/active_record/connection_adapters/abstract/connection_pool.rb:795:in `acquire_connection'
activerecord (5.2.3) lib/active_record/connection_adapters/abstract/connection_pool.rb:523:in `checkout'
activerecord (5.2.3) lib/active_record/connection_adapters/abstract/connection_pool.rb:382:in `connection'
activerecord (5.2.3) lib/active_record/connection_adapters/abstract/connection_pool.rb:1014:in `retrieve_connection'
activerecord (5.2.3) lib/active_record/connection_handling.rb:118:in `retrieve_connection'
activerecord (5.2.3) lib/active_record/connection_handling.rb:90:in `connection'
activerecord (5.2.3) lib/active_record/migration.rb:554:in `call'
actionpack (5.2.3) lib/action_dispatch/middleware/callbacks.rb:28:in `block in call'
activesupport (5.2.3) lib/active_support/callbacks.rb:98:in `run_callbacks'
actionpack (5.2.3) lib/action_dispatch/middleware/callbacks.rb:26:in `call'
actionpack (5.2.3) lib/action_dispatch/middleware/executor.rb:14:in `call'
actionpack (5.2.3) lib/action_dispatch/middleware/debug_exceptions.rb:61:in `call'
web-console (3.7.0) lib/web_console/middleware.rb:135:in `call_app'
web-console (3.7.0) lib/web_console/middleware.rb:30:in `block in call'
web-console (3.7.0) lib/web_console/middleware.rb:20:in `catch'
web-console (3.7.0) lib/web_console/middleware.rb:20:in `call'
actionpack (5.2.3) lib/action_dispatch/middleware/show_exceptions.rb:33:in `call'
railties (5.2.3) lib/rails/rack/logger.rb:38:in `call_app'
railties (5.2.3) lib/rails/rack/logger.rb:26:in `block in call'
activesupport (5.2.3) lib/active_support/tagged_logging.rb:71:in `block in tagged'
activesupport (5.2.3) lib/active_support/tagged_logging.rb:28:in `tagged'
activesupport (5.2.3) lib/active_support/tagged_logging.rb:71:in `tagged'
railties (5.2.3) lib/rails/rack/logger.rb:26:in `call'
sprockets-rails (3.2.1) lib/sprockets/rails/quiet_assets.rb:13:in `call'
actionpack (5.2.3) lib/action_dispatch/middleware/remote_ip.rb:81:in `call'
actionpack (5.2.3) lib/action_dispatch/middleware/request_id.rb:27:in `call'
rack (2.0.7) lib/rack/method_override.rb:22:in `call'
rack (2.0.7) lib/rack/runtime.rb:22:in `call'
activesupport (5.2.3) lib/active_support/cache/strategy/local_cache_middleware.rb:29:in `call'
actionpack (5.2.3) lib/action_dispatch/middleware/executor.rb:14:in `call'
actionpack (5.2.3) lib/action_dispatch/middleware/static.rb:127:in `call'
rack (2.0.7) lib/rack/sendfile.rb:111:in `call'
webpacker (4.0.7) lib/webpacker/dev_server_proxy.rb:29:in `perform_request'
rack-proxy (0.6.5) lib/rack/proxy.rb:57:in `call'
railties (5.2.3) lib/rails/engine.rb:524:in `call'
puma (3.12.1) lib/puma/configuration.rb:227:in `call'
puma (3.12.1) lib/puma/server.rb:660:in `handle_request'
puma (3.12.1) lib/puma/server.rb:474:in `process_client'
puma (3.12.1) lib/puma/server.rb:334:in `block in run'
puma (3.12.1) lib/puma/thread_pool.rb:135:in `block in spawn_thread'
  [1m[35m (0.2ms)[0m  [1m[35mSET NAMES utf8,  @@SESSION.sql_mode = CONCAT(CONCAT(@@sql_mode, ',STRICT_ALL_TABLES'), ',NO_AUTO_VALUE_ON_ZERO'),  @@SESSION.sql_auto_is_null = 0, @@SESSION.wait_timeout = 2147483[0m
  ↳ /home/bunnarith/.rvm/gems/ruby-2.5.3/bin/rake:23
  [1m[35m (0.2ms)[0m  [1m[35mCREATE DATABASE `ronaldo_development` DEFAULT CHARACTER SET `utf8`[0m
  ↳ /home/bunnarith/.rvm/gems/ruby-2.5.3/bin/rake:23
  [1m[35m (0.1ms)[0m  [1m[35mSET NAMES utf8,  @@SESSION.sql_mode = CONCAT(CONCAT(@@sql_mode, ',STRICT_ALL_TABLES'), ',NO_AUTO_VALUE_ON_ZERO'),  @@SESSION.sql_auto_is_null = 0, @@SESSION.wait_timeout = 2147483[0m
  ↳ /home/bunnarith/.rvm/gems/ruby-2.5.3/bin/rake:23
  [1m[35m (0.1ms)[0m  [1m[35mCREATE DATABASE `ronaldo_test` DEFAULT CHARACTER SET `utf8`[0m
  ↳ /home/bunnarith/.rvm/gems/ruby-2.5.3/bin/rake:23
  [1m[35m (0.2ms)[0m  [1m[35mSET NAMES utf8,  @@SESSION.sql_mode = CONCAT(CONCAT(@@sql_mode, ',STRICT_ALL_TABLES'), ',NO_AUTO_VALUE_ON_ZERO'),  @@SESSION.sql_auto_is_null = 0, @@SESSION.wait_timeout = 2147483[0m
  ↳ /home/bunnarith/.rvm/gems/ruby-2.5.3/bin/rake:23
  [1m[35m (450.9ms)[0m  [1m[35mCREATE TABLE `schema_migrations` (`version` varchar(255) NOT NULL PRIMARY KEY)[0m
  ↳ /home/bunnarith/.rvm/gems/ruby-2.5.3/bin/rake:23
  [1m[35m (290.2ms)[0m  [1m[35mCREATE TABLE `ar_internal_metadata` (`key` varchar(255) NOT NULL PRIMARY KEY, `value` varchar(255), `created_at` datetime NOT NULL, `updated_at` datetime NOT NULL)[0m
  ↳ /home/bunnarith/.rvm/gems/ruby-2.5.3/bin/rake:23
  [1m[35m (0.2ms)[0m  [1m[34mSELECT GET_LOCK('2089830877367640015', 0)[0m
  ↳ /home/bunnarith/.rvm/gems/ruby-2.5.3/bin/rake:23
  [1m[35m (0.3ms)[0m  [1m[34mSELECT `schema_migrations`.`version` FROM `schema_migrations` ORDER BY `schema_migrations`.`version` ASC[0m
  ↳ /home/bunnarith/.rvm/gems/ruby-2.5.3/bin/rake:23
  [1m[36mActiveRecord::InternalMetadata Load (0.2ms)[0m  [1m[34mSELECT  `ar_internal_metadata`.* FROM `ar_internal_metadata` WHERE `ar_internal_metadata`.`key` = 'environment' LIMIT 1[0m
  ↳ /home/bunnarith/.rvm/gems/ruby-2.5.3/bin/rake:23
  [1m[35m (0.1ms)[0m  [1m[35mBEGIN[0m
  ↳ /home/bunnarith/.rvm/gems/ruby-2.5.3/bin/rake:23
  [1m[36mActiveRecord::InternalMetadata Create (13.6ms)[0m  [1m[32mINSERT INTO `ar_internal_metadata` (`key`, `value`, `created_at`, `updated_at`) VALUES ('environment', 'development', '2019-08-16 10:42:59', '2019-08-16 10:42:59')[0m
  ↳ /home/bunnarith/.rvm/gems/ruby-2.5.3/bin/rake:23
  [1m[35m (38.8ms)[0m  [1m[35mCOMMIT[0m
  ↳ /home/bunnarith/.rvm/gems/ruby-2.5.3/bin/rake:23
  [1m[35m (0.2ms)[0m  [1m[34mSELECT RELEASE_LOCK('2089830877367640015')[0m
  ↳ /home/bunnarith/.rvm/gems/ruby-2.5.3/bin/rake:23
  [1m[35m (0.2ms)[0m  [1m[34mSELECT `schema_migrations`.`version` FROM `schema_migrations` ORDER BY `schema_migrations`.`version` ASC[0m
  ↳ /home/bunnarith/.rvm/gems/ruby-2.5.3/bin/rake:23
Started GET "/" for ::1 at 2019-08-16 17:43:05 +0700
  [1m[35m (0.2ms)[0m  [1m[35mSET NAMES utf8,  @@SESSION.sql_mode = CONCAT(CONCAT(@@sql_mode, ',STRICT_ALL_TABLES'), ',NO_AUTO_VALUE_ON_ZERO'),  @@SESSION.sql_auto_is_null = 0, @@SESSION.wait_timeout = 2147483[0m
  ↳ /home/bunnarith/.rvm/gems/ruby-2.5.3/gems/activerecord-5.2.3/lib/active_record/log_subscriber.rb:98
Processing by HomeController#index as HTML
  Rendering home/index.html.erb within layouts/application
  Rendered home/index.html.erb within layouts/application (1.2ms)
[Webpacker] Compiling…
[Webpacker] Compiled all packs in /home/bunnarith/Development/React/ronaldo/public/packs
Completed 200 OK in 8903ms (Views: 8898.8ms | ActiveRecord: 0.0ms)


Started GET "/" for ::1 at 2019-08-16 17:43:15 +0700
Processing by HomeController#index as */*
  Rendering home/index.html.erb within layouts/application
  Rendered home/index.html.erb within layouts/application (0.7ms)
Completed 200 OK in 29ms (Views: 24.1ms | ActiveRecord: 0.0ms)


Started GET "/" for ::1 at 2019-08-16 17:45:21 +0700
  [1m[35m (0.8ms)[0m  [1m[35mSET NAMES utf8,  @@SESSION.sql_mode = CONCAT(CONCAT(@@sql_mode, ',STRICT_ALL_TABLES'), ',NO_AUTO_VALUE_ON_ZERO'),  @@SESSION.sql_auto_is_null = 0, @@SESSION.wait_timeout = 2147483[0m
  ↳ /home/bunnarith/.rvm/gems/ruby-2.5.3/gems/activerecord-5.2.3/lib/active_record/log_subscriber.rb:98
Processing by HomeController#index as HTML
  Rendering home/index.html.erb within layouts/application
  Rendered home/index.html.erb within layouts/application (1.1ms)
Completed 200 OK in 984ms (Views: 977.8ms | ActiveRecord: 0.0ms)


Started GET "/" for ::1 at 2019-08-16 17:45:23 +0700
Processing by HomeController#index as */*
  Rendering home/index.html.erb within layouts/application
  Rendered home/index.html.erb within layouts/application (0.7ms)
Completed 200 OK in 34ms (Views: 29.7ms | ActiveRecord: 0.0ms)


Started GET "/" for ::1 at 2019-08-17 09:07:56 +0700
  
Mysql2::Error (Access denied for user 'root'@'localhost'):
  
mysql2 (0.5.2) lib/mysql2/client.rb:90:in `connect'
mysql2 (0.5.2) lib/mysql2/client.rb:90:in `initialize'
activerecord (5.2.3) lib/active_record/connection_adapters/mysql2_adapter.rb:22:in `new'
activerecord (5.2.3) lib/active_record/connection_adapters/mysql2_adapter.rb:22:in `mysql2_connection'
activerecord (5.2.3) lib/active_record/connection_adapters/abstract/connection_pool.rb:811:in `new_connection'
activerecord (5.2.3) lib/active_record/connection_adapters/abstract/connection_pool.rb:855:in `checkout_new_connection'
activerecord (5.2.3) lib/active_record/connection_adapters/abstract/connection_pool.rb:834:in `try_to_checkout_new_connection'
activerecord (5.2.3) lib/active_record/connection_adapters/abstract/connection_pool.rb:795:in `acquire_connection'
activerecord (5.2.3) lib/active_record/connection_adapters/abstract/connection_pool.rb:523:in `checkout'
activerecord (5.2.3) lib/active_record/connection_adapters/abstract/connection_pool.rb:382:in `connection'
activerecord (5.2.3) lib/active_record/connection_adapters/abstract/connection_pool.rb:1014:in `retrieve_connection'
activerecord (5.2.3) lib/active_record/connection_handling.rb:118:in `retrieve_connection'
activerecord (5.2.3) lib/active_record/connection_handling.rb:90:in `connection'
activerecord (5.2.3) lib/active_record/migration.rb:554:in `call'
actionpack (5.2.3) lib/action_dispatch/middleware/callbacks.rb:28:in `block in call'
activesupport (5.2.3) lib/active_support/callbacks.rb:98:in `run_callbacks'
actionpack (5.2.3) lib/action_dispatch/middleware/callbacks.rb:26:in `call'
actionpack (5.2.3) lib/action_dispatch/middleware/executor.rb:14:in `call'
actionpack (5.2.3) lib/action_dispatch/middleware/debug_exceptions.rb:61:in `call'
web-console (3.7.0) lib/web_console/middleware.rb:135:in `call_app'
web-console (3.7.0) lib/web_console/middleware.rb:30:in `block in call'
web-console (3.7.0) lib/web_console/middleware.rb:20:in `catch'
web-console (3.7.0) lib/web_console/middleware.rb:20:in `call'
actionpack (5.2.3) lib/action_dispatch/middleware/show_exceptions.rb:33:in `call'
railties (5.2.3) lib/rails/rack/logger.rb:38:in `call_app'
railties (5.2.3) lib/rails/rack/logger.rb:26:in `block in call'
activesupport (5.2.3) lib/active_support/tagged_logging.rb:71:in `block in tagged'
activesupport (5.2.3) lib/active_support/tagged_logging.rb:28:in `tagged'
activesupport (5.2.3) lib/active_support/tagged_logging.rb:71:in `tagged'
railties (5.2.3) lib/rails/rack/logger.rb:26:in `call'
sprockets-rails (3.2.1) lib/sprockets/rails/quiet_assets.rb:13:in `call'
actionpack (5.2.3) lib/action_dispatch/middleware/remote_ip.rb:81:in `call'
actionpack (5.2.3) lib/action_dispatch/middleware/request_id.rb:27:in `call'
rack (2.0.7) lib/rack/method_override.rb:22:in `call'
rack (2.0.7) lib/rack/runtime.rb:22:in `call'
activesupport (5.2.3) lib/active_support/cache/strategy/local_cache_middleware.rb:29:in `call'
actionpack (5.2.3) lib/action_dispatch/middleware/executor.rb:14:in `call'
actionpack (5.2.3) lib/action_dispatch/middleware/static.rb:127:in `call'
rack (2.0.7) lib/rack/sendfile.rb:111:in `call'
webpacker (4.0.7) lib/webpacker/dev_server_proxy.rb:29:in `perform_request'
rack-proxy (0.6.5) lib/rack/proxy.rb:57:in `call'
railties (5.2.3) lib/rails/engine.rb:524:in `call'
puma (3.12.1) lib/puma/configuration.rb:227:in `call'
puma (3.12.1) lib/puma/server.rb:660:in `handle_request'
puma (3.12.1) lib/puma/server.rb:474:in `process_client'
puma (3.12.1) lib/puma/server.rb:334:in `block in run'
puma (3.12.1) lib/puma/thread_pool.rb:135:in `block in spawn_thread'
Started GET "/" for ::1 at 2019-08-17 09:07:58 +0700
  
Mysql2::Error (Access denied for user 'root'@'localhost'):
  
mysql2 (0.5.2) lib/mysql2/client.rb:90:in `connect'
mysql2 (0.5.2) lib/mysql2/client.rb:90:in `initialize'
activerecord (5.2.3) lib/active_record/connection_adapters/mysql2_adapter.rb:22:in `new'
activerecord (5.2.3) lib/active_record/connection_adapters/mysql2_adapter.rb:22:in `mysql2_connection'
activerecord (5.2.3) lib/active_record/connection_adapters/abstract/connection_pool.rb:811:in `new_connection'
activerecord (5.2.3) lib/active_record/connection_adapters/abstract/connection_pool.rb:855:in `checkout_new_connection'
activerecord (5.2.3) lib/active_record/connection_adapters/abstract/connection_pool.rb:834:in `try_to_checkout_new_connection'
activerecord (5.2.3) lib/active_record/connection_adapters/abstract/connection_pool.rb:795:in `acquire_connection'
activerecord (5.2.3) lib/active_record/connection_adapters/abstract/connection_pool.rb:523:in `checkout'
activerecord (5.2.3) lib/active_record/connection_adapters/abstract/connection_pool.rb:382:in `connection'
activerecord (5.2.3) lib/active_record/connection_adapters/abstract/connection_pool.rb:1014:in `retrieve_connection'
activerecord (5.2.3) lib/active_record/connection_handling.rb:118:in `retrieve_connection'
activerecord (5.2.3) lib/active_record/connection_handling.rb:90:in `connection'
activerecord (5.2.3) lib/active_record/migration.rb:554:in `call'
actionpack (5.2.3) lib/action_dispatch/middleware/callbacks.rb:28:in `block in call'
activesupport (5.2.3) lib/active_support/callbacks.rb:98:in `run_callbacks'
actionpack (5.2.3) lib/action_dispatch/middleware/callbacks.rb:26:in `call'
actionpack (5.2.3) lib/action_dispatch/middleware/executor.rb:14:in `call'
actionpack (5.2.3) lib/action_dispatch/middleware/debug_exceptions.rb:61:in `call'
web-console (3.7.0) lib/web_console/middleware.rb:135:in `call_app'
web-console (3.7.0) lib/web_console/middleware.rb:30:in `block in call'
web-console (3.7.0) lib/web_console/middleware.rb:20:in `catch'
web-console (3.7.0) lib/web_console/middleware.rb:20:in `call'
actionpack (5.2.3) lib/action_dispatch/middleware/show_exceptions.rb:33:in `call'
railties (5.2.3) lib/rails/rack/logger.rb:38:in `call_app'
railties (5.2.3) lib/rails/rack/logger.rb:26:in `block in call'
activesupport (5.2.3) lib/active_support/tagged_logging.rb:71:in `block in tagged'
activesupport (5.2.3) lib/active_support/tagged_logging.rb:28:in `tagged'
activesupport (5.2.3) lib/active_support/tagged_logging.rb:71:in `tagged'
railties (5.2.3) lib/rails/rack/logger.rb:26:in `call'
sprockets-rails (3.2.1) lib/sprockets/rails/quiet_assets.rb:13:in `call'
actionpack (5.2.3) lib/action_dispatch/middleware/remote_ip.rb:81:in `call'
actionpack (5.2.3) lib/action_dispatch/middleware/request_id.rb:27:in `call'
rack (2.0.7) lib/rack/method_override.rb:22:in `call'
rack (2.0.7) lib/rack/runtime.rb:22:in `call'
activesupport (5.2.3) lib/active_support/cache/strategy/local_cache_middleware.rb:29:in `call'
actionpack (5.2.3) lib/action_dispatch/middleware/executor.rb:14:in `call'
actionpack (5.2.3) lib/action_dispatch/middleware/static.rb:127:in `call'
rack (2.0.7) lib/rack/sendfile.rb:111:in `call'
webpacker (4.0.7) lib/webpacker/dev_server_proxy.rb:29:in `perform_request'
rack-proxy (0.6.5) lib/rack/proxy.rb:57:in `call'
railties (5.2.3) lib/rails/engine.rb:524:in `call'
puma (3.12.1) lib/puma/configuration.rb:227:in `call'
puma (3.12.1) lib/puma/server.rb:660:in `handle_request'
puma (3.12.1) lib/puma/server.rb:474:in `process_client'
puma (3.12.1) lib/puma/server.rb:334:in `block in run'
puma (3.12.1) lib/puma/thread_pool.rb:135:in `block in spawn_thread'
Started GET "/" for ::1 at 2019-08-17 09:11:52 +0700
  [1m[35m (23.7ms)[0m  [1m[35mSET NAMES utf8,  @@SESSION.sql_mode = CONCAT(CONCAT(@@sql_mode, ',STRICT_ALL_TABLES'), ',NO_AUTO_VALUE_ON_ZERO'),  @@SESSION.sql_auto_is_null = 0, @@SESSION.wait_timeout = 2147483[0m
  ↳ /home/bunnarith/.rvm/gems/ruby-2.5.3/gems/activerecord-5.2.3/lib/active_record/log_subscriber.rb:98
Processing by HomeController#index as HTML
  Rendering home/index.html.erb within layouts/application
  Rendered home/index.html.erb within layouts/application (1.4ms)
Completed 200 OK in 3716ms (Views: 3698.2ms | ActiveRecord: 0.0ms)


Started GET "/" for ::1 at 2019-08-17 09:11:56 +0700
Processing by HomeController#index as */*
  Rendering home/index.html.erb within layouts/application
  Rendered home/index.html.erb within layouts/application (1.0ms)
Completed 200 OK in 41ms (Views: 35.1ms | ActiveRecord: 0.0ms)


Started GET "/" for ::1 at 2019-08-17 09:15:39 +0700
Processing by HomeController#index as HTML
  Rendering home/index.html.erb within layouts/application
  Rendered home/index.html.erb within layouts/application (1.6ms)
Completed 200 OK in 29ms (Views: 27.1ms | ActiveRecord: 0.0ms)


Started GET "/" for ::1 at 2019-08-17 09:15:40 +0700
Processing by HomeController#index as */*
  Rendering home/index.html.erb within layouts/application
  Rendered home/index.html.erb within layouts/application (1.0ms)
Completed 200 OK in 37ms (Views: 31.7ms | ActiveRecord: 0.0ms)


Started GET "/" for ::1 at 2019-08-17 09:15:57 +0700
Processing by HomeController#index as HTML
  Rendering home/index.html.erb within layouts/application
  Rendered home/index.html.erb within layouts/application (0.5ms)
Completed 200 OK in 26ms (Views: 20.1ms | ActiveRecord: 0.0ms)


Started GET "/" for ::1 at 2019-08-17 09:15:58 +0700
Processing by HomeController#index as */*
  Rendering home/index.html.erb within layouts/application
  Rendered home/index.html.erb within layouts/application (0.6ms)
Completed 200 OK in 44ms (Views: 38.8ms | ActiveRecord: 0.0ms)


Started GET "/" for ::1 at 2019-08-17 09:16:15 +0700
Processing by HomeController#index as HTML
  Rendering home/index.html.erb within layouts/application
  Rendered home/index.html.erb within layouts/application (0.3ms)
Completed 200 OK in 18ms (Views: 17.1ms | ActiveRecord: 0.0ms)


Started GET "/" for ::1 at 2019-08-17 09:16:16 +0700
Processing by HomeController#index as */*
  Rendering home/index.html.erb within layouts/application
  Rendered home/index.html.erb within layouts/application (1.2ms)
Completed 200 OK in 46ms (Views: 37.8ms | ActiveRecord: 0.0ms)


Started GET "/" for ::1 at 2019-08-17 09:16:18 +0700
Processing by HomeController#index as HTML
  Rendering home/index.html.erb within layouts/application
  Rendered home/index.html.erb within layouts/application (0.6ms)
Completed 200 OK in 31ms (Views: 29.5ms | ActiveRecord: 0.0ms)


Started GET "/" for ::1 at 2019-08-17 09:16:19 +0700
Processing by HomeController#index as */*
  Rendering home/index.html.erb within layouts/application
  Rendered home/index.html.erb within layouts/application (0.6ms)
Completed 200 OK in 39ms (Views: 35.0ms | ActiveRecord: 0.0ms)


Started GET "/" for ::1 at 2019-08-17 09:17:06 +0700
  [1m[35m (0.2ms)[0m  [1m[35mSET NAMES utf8,  @@SESSION.sql_mode = CONCAT(CONCAT(@@sql_mode, ',STRICT_ALL_TABLES'), ',NO_AUTO_VALUE_ON_ZERO'),  @@SESSION.sql_auto_is_null = 0, @@SESSION.wait_timeout = 2147483[0m
  ↳ /home/bunnarith/.rvm/gems/ruby-2.5.3/gems/activerecord-5.2.3/lib/active_record/log_subscriber.rb:98
Processing by HomeController#index as HTML
  Rendering home/index.html.erb within layouts/application
  Rendered home/index.html.erb within layouts/application (2.0ms)
Completed 200 OK in 1050ms (Views: 1043.8ms | ActiveRecord: 0.0ms)


Started GET "/" for ::1 at 2019-08-17 09:17:08 +0700
Processing by HomeController#index as */*
  Rendering home/index.html.erb within layouts/application
  Rendered home/index.html.erb within layouts/application (0.6ms)
Completed 200 OK in 30ms (Views: 25.5ms | ActiveRecord: 0.0ms)


Started GET "/" for ::1 at 2019-08-17 09:17:12 +0700
Processing by HomeController#index as HTML
  Rendering home/index.html.erb within layouts/application
  Rendered home/index.html.erb within layouts/application (0.3ms)
Completed 200 OK in 19ms (Views: 17.8ms | ActiveRecord: 0.0ms)


Started GET "/" for ::1 at 2019-08-17 09:17:13 +0700
Processing by HomeController#index as */*
  Rendering home/index.html.erb within layouts/application
  Rendered home/index.html.erb within layouts/application (0.6ms)
Completed 200 OK in 42ms (Views: 36.4ms | ActiveRecord: 0.0ms)


Started GET "/" for ::1 at 2019-08-17 09:18:31 +0700
Processing by HomeController#index as HTML
  Rendering home/index.html.erb within layouts/application
  Rendered home/index.html.erb within layouts/application (0.5ms)
Completed 200 OK in 21ms (Views: 17.5ms | ActiveRecord: 0.0ms)


Started GET "/" for ::1 at 2019-08-17 09:18:32 +0700
Processing by HomeController#index as */*
  Rendering home/index.html.erb within layouts/application
  Rendered home/index.html.erb within layouts/application (0.6ms)
Completed 200 OK in 46ms (Views: 37.5ms | ActiveRecord: 0.0ms)


Started GET "/" for ::1 at 2019-08-17 09:18:34 +0700
Processing by HomeController#index as */*
  Rendering home/index.html.erb within layouts/application
  Rendered home/index.html.erb within layouts/application (1.1ms)
Completed 200 OK in 37ms (Views: 25.5ms | ActiveRecord: 0.0ms)


Started GET "/" for ::1 at 2019-08-17 09:18:35 +0700
Processing by HomeController#index as */*
  Rendering home/index.html.erb within layouts/application
  Rendered home/index.html.erb within layouts/application (0.4ms)
Completed 200 OK in 30ms (Views: 23.3ms | ActiveRecord: 0.0ms)


Started GET "/" for ::1 at 2019-08-17 09:18:36 +0700
Processing by HomeController#index as */*
  Rendering home/index.html.erb within layouts/application
  Rendered home/index.html.erb within layouts/application (0.8ms)
Completed 200 OK in 30ms (Views: 24.1ms | ActiveRecord: 0.0ms)


Started GET "/" for ::1 at 2019-08-17 09:18:37 +0700
Processing by HomeController#index as */*
  Rendering home/index.html.erb within layouts/application
  Rendered home/index.html.erb within layouts/application (0.6ms)
Completed 200 OK in 42ms (Views: 37.6ms | ActiveRecord: 0.0ms)


Started GET "/" for ::1 at 2019-08-17 09:18:38 +0700
Processing by HomeController#index as */*
  Rendering home/index.html.erb within layouts/application
  Rendered home/index.html.erb within layouts/application (1.8ms)
Completed 200 OK in 33ms (Views: 29.5ms | ActiveRecord: 0.0ms)


Started GET "/" for ::1 at 2019-08-17 09:18:39 +0700
Processing by HomeController#index as */*
  Rendering home/index.html.erb within layouts/application
  Rendered home/index.html.erb within layouts/application (0.4ms)
Completed 200 OK in 34ms (Views: 26.2ms | ActiveRecord: 0.0ms)


Started GET "/" for ::1 at 2019-08-17 09:18:46 +0700
Processing by HomeController#index as */*
  Rendering home/index.html.erb within layouts/application
  Rendered home/index.html.erb within layouts/application (0.8ms)
Completed 200 OK in 31ms (Views: 24.7ms | ActiveRecord: 0.0ms)


Started GET "/" for ::1 at 2019-08-17 09:18:47 +0700
Processing by HomeController#index as */*
  Rendering home/index.html.erb within layouts/application
  Rendered home/index.html.erb within layouts/application (1.8ms)
Completed 200 OK in 32ms (Views: 28.6ms | ActiveRecord: 0.0ms)


Started GET "/" for ::1 at 2019-08-17 09:18:48 +0700
Processing by HomeController#index as */*
  Rendering home/index.html.erb within layouts/application
  Rendered home/index.html.erb within layouts/application (0.5ms)
Completed 200 OK in 44ms (Views: 40.1ms | ActiveRecord: 0.0ms)


Started GET "/" for ::1 at 2019-08-17 09:18:57 +0700
Processing by HomeController#index as */*
  Rendering home/index.html.erb within layouts/application
  Rendered home/index.html.erb within layouts/application (0.6ms)
Completed 200 OK in 40ms (Views: 34.1ms | ActiveRecord: 0.0ms)


Started GET "/" for ::1 at 2019-08-17 09:18:59 +0700
Processing by HomeController#index as */*
  Rendering home/index.html.erb within layouts/application
  Rendered home/index.html.erb within layouts/application (1.5ms)
Completed 200 OK in 49ms (Views: 42.1ms | ActiveRecord: 0.0ms)


Started GET "/" for ::1 at 2019-08-17 09:19:00 +0700
Processing by HomeController#index as */*
  Rendering home/index.html.erb within layouts/application
  Rendered home/index.html.erb within layouts/application (0.5ms)
Completed 200 OK in 44ms (Views: 39.7ms | ActiveRecord: 0.0ms)


Started GET "/" for ::1 at 2019-08-17 09:19:17 +0700
Processing by HomeController#index as */*
  Rendering home/index.html.erb within layouts/application
  Rendered home/index.html.erb within layouts/application (0.4ms)
Completed 200 OK in 45ms (Views: 40.2ms | ActiveRecord: 0.0ms)


Started GET "/" for ::1 at 2019-08-17 09:19:18 +0700
Processing by HomeController#index as */*
  Rendering home/index.html.erb within layouts/application
  Rendered home/index.html.erb within layouts/application (0.6ms)
Completed 200 OK in 34ms (Views: 28.8ms | ActiveRecord: 0.0ms)


Started GET "/" for ::1 at 2019-08-17 09:19:19 +0700
Processing by HomeController#index as */*
  Rendering home/index.html.erb within layouts/application
  Rendered home/index.html.erb within layouts/application (0.3ms)
Completed 200 OK in 31ms (Views: 22.3ms | ActiveRecord: 0.0ms)


Started GET "/" for ::1 at 2019-08-17 09:25:04 +0700
Processing by HomeController#index as */*
  Rendering home/index.html.erb within layouts/application
  Rendered home/index.html.erb within layouts/application (1.5ms)
Completed 200 OK in 28ms (Views: 24.1ms | ActiveRecord: 0.0ms)


Started GET "/" for ::1 at 2019-08-17 09:25:05 +0700
Processing by HomeController#index as */*
  Rendering home/index.html.erb within layouts/application
  Rendered home/index.html.erb within layouts/application (0.6ms)
Completed 200 OK in 23ms (Views: 17.8ms | ActiveRecord: 0.0ms)


Started GET "/home/" for ::1 at 2019-08-17 09:31:15 +0700
  [1m[35m (0.2ms)[0m  [1m[35mSET NAMES utf8,  @@SESSION.sql_mode = CONCAT(CONCAT(@@sql_mode, ',STRICT_ALL_TABLES'), ',NO_AUTO_VALUE_ON_ZERO'),  @@SESSION.sql_auto_is_null = 0, @@SESSION.wait_timeout = 2147483[0m
  ↳ /home/bunnarith/.rvm/gems/ruby-2.5.3/gems/activerecord-5.2.3/lib/active_record/log_subscriber.rb:98
Processing by HomeController#index as HTML
  Parameters: {"anything"=>"home"}
  Rendering home/index.html.erb within layouts/application
  Rendered home/index.html.erb within layouts/application (1.2ms)
Completed 200 OK in 1251ms (Views: 1244.8ms | ActiveRecord: 0.0ms)


Started GET "/home/" for ::1 at 2019-08-17 09:31:19 +0700
Processing by HomeController#index as */*
  Parameters: {"anything"=>"home"}
  Rendering home/index.html.erb within layouts/application
  Rendered home/index.html.erb within layouts/application (1.3ms)
Completed 200 OK in 33ms (Views: 28.9ms | ActiveRecord: 0.0ms)


Started GET "/home/" for ::1 at 2019-08-17 09:31:21 +0700
Processing by HomeController#index as HTML
  Parameters: {"anything"=>"home"}
  Rendering home/index.html.erb within layouts/application
  Rendered home/index.html.erb within layouts/application (0.4ms)
Completed 200 OK in 27ms (Views: 25.7ms | ActiveRecord: 0.0ms)


Started GET "/home/" for ::1 at 2019-08-17 09:31:22 +0700
Processing by HomeController#index as */*
  Parameters: {"anything"=>"home"}
  Rendering home/index.html.erb within layouts/application
  Rendered home/index.html.erb within layouts/application (0.9ms)
Completed 200 OK in 40ms (Views: 33.7ms | ActiveRecord: 0.0ms)


Started GET "/home/" for ::1 at 2019-08-17 09:31:24 +0700
Processing by HomeController#index as */*
  Parameters: {"anything"=>"home"}
  Rendering home/index.html.erb within layouts/application
  Rendered home/index.html.erb within layouts/application (0.6ms)
Completed 200 OK in 30ms (Views: 25.5ms | ActiveRecord: 0.0ms)


Started GET "/home/" for ::1 at 2019-08-17 09:31:24 +0700
Processing by HomeController#index as */*
  Parameters: {"anything"=>"home"}
  Rendering home/index.html.erb within layouts/application
  Rendered home/index.html.erb within layouts/application (0.6ms)
Completed 200 OK in 30ms (Views: 25.9ms | ActiveRecord: 0.0ms)


Started GET "/home/" for ::1 at 2019-08-17 09:31:26 +0700
Processing by HomeController#index as */*
  Parameters: {"anything"=>"home"}
  Rendering home/index.html.erb within layouts/application
  Rendered home/index.html.erb within layouts/application (0.9ms)
Completed 200 OK in 27ms (Views: 22.4ms | ActiveRecord: 0.0ms)


Started GET "/home/" for ::1 at 2019-08-17 09:31:27 +0700
Processing by HomeController#index as */*
  Parameters: {"anything"=>"home"}
  Rendering home/index.html.erb within layouts/application
  Rendered home/index.html.erb within layouts/application (0.6ms)
Completed 200 OK in 33ms (Views: 28.8ms | ActiveRecord: 0.0ms)


Started GET "/home/" for ::1 at 2019-08-17 09:31:27 +0700
Processing by HomeController#index as */*
  Parameters: {"anything"=>"home"}
  Rendering home/index.html.erb within layouts/application
  Rendered home/index.html.erb within layouts/application (0.6ms)
Completed 200 OK in 32ms (Views: 27.0ms | ActiveRecord: 0.0ms)


Started GET "/home/" for ::1 at 2019-08-17 09:31:27 +0700
Processing by HomeController#index as */*
  Parameters: {"anything"=>"home"}
  Rendering home/index.html.erb within layouts/application
  Rendered home/index.html.erb within layouts/application (1.0ms)
Completed 200 OK in 25ms (Views: 20.8ms | ActiveRecord: 0.0ms)


Started GET "/home/" for ::1 at 2019-08-17 09:31:27 +0700
Processing by HomeController#index as */*
  Parameters: {"anything"=>"home"}
  Rendering home/index.html.erb within layouts/application
  Rendered home/index.html.erb within layouts/application (0.5ms)
Completed 200 OK in 32ms (Views: 27.8ms | ActiveRecord: 0.0ms)


Started GET "/home/" for ::1 at 2019-08-17 09:31:28 +0700
Processing by HomeController#index as */*
  Parameters: {"anything"=>"home"}
  Rendering home/index.html.erb within layouts/application
  Rendered home/index.html.erb within layouts/application (2.2ms)
Completed 200 OK in 25ms (Views: 20.3ms | ActiveRecord: 0.0ms)


Started GET "/home/" for ::1 at 2019-08-17 09:31:32 +0700
Processing by HomeController#index as */*
  Parameters: {"anything"=>"home"}
  Rendering home/index.html.erb within layouts/application
  Rendered home/index.html.erb within layouts/application (1.5ms)
Completed 200 OK in 29ms (Views: 24.6ms | ActiveRecord: 0.0ms)


